<?xml version="1.0" encoding="UTF-8"?>
<!-- Generated by org.testng.reporters.JUnitXMLReporter -->
<testsuite ignored="0" hostname="LT00116" failures="1" tests="1" name="Test filter and cart" time="9.17" errors="0" timestamp="2022-03-04T15:50:06 EET">
  <testcase classname="com.automation.legoProject.testCases.TestFilter" name="testFilterAndBasket" time="3.289">
    <failure type="java.lang.NullPointerException" message="Cannot invoke &amp;quot;java.lang.Boolean.booleanValue()&amp;quot; because &amp;quot;value&amp;quot; is null">
      <![CDATA[java.lang.NullPointerException: Cannot invoke "java.lang.Boolean.booleanValue()" because "value" is null
at org.openqa.selenium.remote.RemoteWebElement.isEnabled(RemoteWebElement.java:193)
at org.openqa.selenium.support.ui.ExpectedConditions$22.apply(ExpectedConditions.java:633)
at org.openqa.selenium.support.ui.ExpectedConditions$22.apply(ExpectedConditions.java:628)
at org.openqa.selenium.support.ui.FluentWait.until(FluentWait.java:208)
at com.framework.utils.CoreSelenium.waitUntilElementToBeClickable(CoreSelenium.java:281)
at com.framework.utils.CoreSelenium.click(CoreSelenium.java:104)
at com.framework.utils.CoreSelenium.click(CoreSelenium.java:81)
at com.automation.legoProject.pageComponents.HeaderMenu.clickMerchandise(HeaderMenu.java:30)
at com.automation.legoProject.base.BaseTest$LegoNavigator.navigateToProductsKeychains(BaseTest.java:55)
at com.automation.legoProject.testCases.TestFilter.testFilterAndBasket(TestFilter.java:22)
at java.base/java.util.ArrayList.forEach(ArrayList.java:1511)
... Removed 31 stack frames]]>
    </failure>
  </testcase> <!-- testFilterAndBasket -->
</testsuite> <!-- Test filter and cart -->
