<?xml version="1.0" encoding="UTF-8"?>
<testng-results ignored="0" total="1" passed="1" failed="0" skipped="0">
  <reporter-output>
  </reporter-output>
  <suite started-at="2022-03-02T14:47:02 EET" name="Lego page tests" finished-at="2022-03-02T14:47:08 EET" duration-ms="5950">
    <groups>
    </groups>
    <test started-at="2022-03-02T14:47:02 EET" name="Can filter" finished-at="2022-03-02T14:47:08 EET" duration-ms="5950">
      <class name="com.automation.legoProject.TestCases.TestFilter">
        <test-method is-config="true" signature="setup(java.lang.String)[pri:0, instance:com.automation.legoProject.TestCases.TestFilter@1608bcbd]" started-at="2022-03-02T14:47:02 EET" name="setup" finished-at="2022-03-02T14:47:07 EET" duration-ms="4757" status="PASS">
          <params>
            <param index="0">
              <value>
                <![CDATA[src/test/resources/TestData/DataBraceletSearch.json]]>
              </value>
            </param>
          </params>
          <reporter-output>
          </reporter-output>
        </test-method> <!-- setup -->
        <test-method signature="testLogin()[pri:0, instance:com.automation.legoProject.TestCases.TestFilter@1608bcbd]" started-at="2022-03-02T14:47:07 EET" name="testLogin" finished-at="2022-03-02T14:47:07 EET" duration-ms="2" status="PASS">
          <reporter-output>
          </reporter-output>
        </test-method> <!-- testLogin -->
        <test-method is-config="true" signature="quitDriver()[pri:0, instance:com.automation.legoProject.TestCases.TestFilter@1608bcbd]" started-at="2022-03-02T14:47:07 EET" name="quitDriver" finished-at="2022-03-02T14:47:08 EET" duration-ms="1140" status="PASS">
          <reporter-output>
          </reporter-output>
        </test-method> <!-- quitDriver -->
      </class> <!-- com.automation.legoProject.TestCases.TestFilter -->
    </test> <!-- Can filter -->
  </suite> <!-- Lego page tests -->
</testng-results>
